[2018-01-16 08:54:11] dev.ERROR: Twig_Error_Syntax: Unknown "pageTitle" tag in "D:\Webentwickler\webspace\htdocs\mm-programming/themes/mm-programming/layouts/basis.htm" at line 8. in D:\Webentwickler\webspace\htdocs\mm-programming\vendor\twig\twig\lib\Twig\Parser.php:156
Stack trace:
#0 D:\Webentwickler\webspace\htdocs\mm-programming\vendor\twig\twig\lib\Twig\Parser.php(79): Twig_Parser->subparse(NULL, false)
#1 D:\Webentwickler\webspace\htdocs\mm-programming\vendor\twig\twig\lib\Twig\Environment.php(529): Twig_Parser->parse(Object(Twig_TokenStream))
#2 D:\Webentwickler\webspace\htdocs\mm-programming\vendor\twig\twig\lib\Twig\Environment.php(561): Twig_Environment->parse(Object(Twig_TokenStream))
#3 D:\Webentwickler\webspace\htdocs\mm-programming\vendor\twig\twig\lib\Twig\Environment.php(368): Twig_Environment->compileSource(Object(Twig_Source))
#4 D:\Webentwickler\webspace\htdocs\mm-programming\modules\cms\classes\Controller.php(376): Twig_Environment->loadTemplate('D:\\Webentwickle...')
#5 D:\Webentwickler\webspace\htdocs\mm-programming\modules\cms\classes\Controller.php(213): Cms\Classes\Controller->runPage(Object(Cms\Classes\Page))
#6 D:\Webentwickler\webspace\htdocs\mm-programming\modules\cms\classes\CmsController.php(50): Cms\Classes\Controller->run('home')
#7 [internal function]: Cms\Classes\CmsController->run('home')
#8 D:\Webentwickler\webspace\htdocs\mm-programming\vendor\laravel\framework\src\Illuminate\Routing\Controller.php(54): call_user_func_array(Array, Array)
#9 D:\Webentwickler\webspace\htdocs\mm-programming\vendor\laravel\framework\src\Illuminate\Routing\ControllerDispatcher.php(45): Illuminate\Routing\Controller->callAction('run', Array)
#10 D:\Webentwickler\webspace\htdocs\mm-programming\vendor\laravel\framework\src\Illuminate\Routing\Route.php(212): Illuminate\Routing\ControllerDispatcher->dispatch(Object(Illuminate\Routing\Route), Object(Cms\Classes\CmsController), 'run')
#11 D:\Webentwickler\webspace\htdocs\mm-programming\vendor\laravel\framework\src\Illuminate\Routing\Route.php(169): Illuminate\Routing\Route->runController()
#12 D:\Webentwickler\webspace\htdocs\mm-programming\vendor\laravel\framework\src\Illuminate\Routing\Router.php(658): Illuminate\Routing\Route->run()
#13 D:\Webentwickler\webspace\htdocs\mm-programming\vendor\laravel\framework\src\Illuminate\Routing\Pipeline.php(30): Illuminate\Routing\Router->Illuminate\Routing\{closure}(Object(Illuminate\Http\Request))
#14 D:\Webentwickler\webspace\htdocs\mm-programming\vendor\laravel\framework\src\Illuminate\Routing\Middleware\SubstituteBindings.php(41): Illuminate\Routing\Pipeline->Illuminate\Routing\{closure}(Object(Illuminate\Http\Request))
#15 D:\Webentwickler\webspace\htdocs\mm-programming\vendor\laravel\framework\src\Illuminate\Pipeline\Pipeline.php(149): Illuminate\Routing\Middleware\SubstituteBindings->handle(Object(Illuminate\Http\Request), Object(Closure))
#16 D:\Webentwickler\webspace\htdocs\mm-programming\vendor\laravel\framework\src\Illuminate\Routing\Pipeline.php(53): Illuminate\Pipeline\Pipeline->Illuminate\Pipeline\{closure}(Object(Illuminate\Http\Request))
#17 D:\Webentwickler\webspace\htdocs\mm-programming\vendor\laravel\framework\src\Illuminate\View\Middleware\ShareErrorsFromSession.php(49): Illuminate\Routing\Pipeline->Illuminate\Routing\{closure}(Object(Illuminate\Http\Request))
#18 D:\Webentwickler\webspace\htdocs\mm-programming\vendor\laravel\framework\src\Illuminate\Pipeline\Pipeline.php(149): Illuminate\View\Middleware\ShareErrorsFromSession->handle(Object(Illuminate\Http\Request), Object(Closure))
#19 D:\Webentwickler\webspace\htdocs\mm-programming\vendor\laravel\framework\src\Illuminate\Routing\Pipeline.php(53): Illuminate\Pipeline\Pipeline->Illuminate\Pipeline\{closure}(Object(Illuminate\Http\Request))
#20 D:\Webentwickler\webspace\htdocs\mm-programming\vendor\laravel\framework\src\Illuminate\Session\Middleware\StartSession.php(63): Illuminate\Routing\Pipeline->Illuminate\Routing\{closure}(Object(Illuminate\Http\Request))
#21 D:\Webentwickler\webspace\htdocs\mm-programming\vendor\laravel\framework\src\Illuminate\Pipeline\Pipeline.php(149): Illuminate\Session\Middleware\StartSession->handle(Object(Illuminate\Http\Request), Object(Closure))
#22 D:\Webentwickler\webspace\htdocs\mm-programming\vendor\laravel\framework\src\Illuminate\Routing\Pipeline.php(53): Illuminate\Pipeline\Pipeline->Illuminate\Pipeline\{closure}(Object(Illuminate\Http\Request))
#23 D:\Webentwickler\webspace\htdocs\mm-programming\vendor\laravel\framework\src\Illuminate\Cookie\Middleware\AddQueuedCookiesToResponse.php(37): Illuminate\Routing\Pipeline->Illuminate\Routing\{closure}(Object(Illuminate\Http\Request))
#24 D:\Webentwickler\webspace\htdocs\mm-programming\vendor\laravel\framework\src\Illuminate\Pipeline\Pipeline.php(149): Illuminate\Cookie\Middleware\AddQueuedCookiesToResponse->handle(Object(Illuminate\Http\Request), Object(Closure))
#25 D:\Webentwickler\webspace\htdocs\mm-programming\vendor\laravel\framework\src\Illuminate\Routing\Pipeline.php(53): Illuminate\Pipeline\Pipeline->Illuminate\Pipeline\{closure}(Object(Illuminate\Http\Request))
#26 D:\Webentwickler\webspace\htdocs\mm-programming\vendor\laravel\framework\src\Illuminate\Cookie\Middleware\EncryptCookies.php(59): Illuminate\Routing\Pipeline->Illuminate\Routing\{closure}(Object(Illuminate\Http\Request))
#27 D:\Webentwickler\webspace\htdocs\mm-programming\vendor\laravel\framework\src\Illuminate\Pipeline\Pipeline.php(149): Illuminate\Cookie\Middleware\EncryptCookies->handle(Object(Illuminate\Http\Request), Object(Closure))
#28 D:\Webentwickler\webspace\htdocs\mm-programming\vendor\laravel\framework\src\Illuminate\Routing\Pipeline.php(53): Illuminate\Pipeline\Pipeline->Illuminate\Pipeline\{closure}(Object(Illuminate\Http\Request))
#29 D:\Webentwickler\webspace\htdocs\mm-programming\vendor\laravel\framework\src\Illuminate\Pipeline\Pipeline.php(102): Illuminate\Routing\Pipeline->Illuminate\Routing\{closure}(Object(Illuminate\Http\Request))
#30 D:\Webentwickler\webspace\htdocs\mm-programming\vendor\laravel\framework\src\Illuminate\Routing\Router.php(660): Illuminate\Pipeline\Pipeline->then(Object(Closure))
#31 D:\Webentwickler\webspace\htdocs\mm-programming\vendor\laravel\framework\src\Illuminate\Routing\Router.php(635): Illuminate\Routing\Router->runRouteWithinStack(Object(Illuminate\Routing\Route), Object(Illuminate\Http\Request))
#32 D:\Webentwickler\webspace\htdocs\mm-programming\vendor\laravel\framework\src\Illuminate\Routing\Router.php(601): Illuminate\Routing\Router->runRoute(Object(Illuminate\Http\Request), Object(Illuminate\Routing\Route))
#33 D:\Webentwickler\webspace\htdocs\mm-programming\vendor\october\rain\src\Router\CoreRouter.php(20): Illuminate\Routing\Router->dispatchToRoute(Object(Illuminate\Http\Request))
#34 D:\Webentwickler\webspace\htdocs\mm-programming\vendor\laravel\framework\src\Illuminate\Foundation\Http\Kernel.php(176): October\Rain\Router\CoreRouter->dispatch(Object(Illuminate\Http\Request))
#35 D:\Webentwickler\webspace\htdocs\mm-programming\vendor\laravel\framework\src\Illuminate\Routing\Pipeline.php(30): Illuminate\Foundation\Http\Kernel->Illuminate\Foundation\Http\{closure}(Object(Illuminate\Http\Request))
#36 D:\Webentwickler\webspace\htdocs\mm-programming\vendor\laravel\framework\src\Illuminate\Foundation\Http\Middleware\CheckForMaintenanceMode.php(46): Illuminate\Routing\Pipeline->Illuminate\Routing\{closure}(Object(Illuminate\Http\Request))
#37 D:\Webentwickler\webspace\htdocs\mm-programming\vendor\laravel\framework\src\Illuminate\Pipeline\Pipeline.php(149): Illuminate\Foundation\Http\Middleware\CheckForMaintenanceMode->handle(Object(Illuminate\Http\Request), Object(Closure))
#38 D:\Webentwickler\webspace\htdocs\mm-programming\vendor\laravel\framework\src\Illuminate\Routing\Pipeline.php(53): Illuminate\Pipeline\Pipeline->Illuminate\Pipeline\{closure}(Object(Illuminate\Http\Request))
#39 D:\Webentwickler\webspace\htdocs\mm-programming\vendor\laravel\framework\src\Illuminate\Pipeline\Pipeline.php(102): Illuminate\Routing\Pipeline->Illuminate\Routing\{closure}(Object(Illuminate\Http\Request))
#40 D:\Webentwickler\webspace\htdocs\mm-programming\vendor\laravel\framework\src\Illuminate\Foundation\Http\Kernel.php(151): Illuminate\Pipeline\Pipeline->then(Object(Closure))
#41 D:\Webentwickler\webspace\htdocs\mm-programming\vendor\laravel\framework\src\Illuminate\Foundation\Http\Kernel.php(116): Illuminate\Foundation\Http\Kernel->sendRequestThroughRouter(Object(Illuminate\Http\Request))
#42 D:\Webentwickler\webspace\htdocs\mm-programming\index.php(43): Illuminate\Foundation\Http\Kernel->handle(Object(Illuminate\Http\Request))
#43 {main}  
[2018-01-16 08:55:58] dev.ERROR: Twig_Error_Syntax: Unexpected token "end of statement block" of value "" in "D:\Webentwickler\webspace\htdocs\mm-programming/themes/mm-programming/layouts/basis.htm" at line 36. in D:\Webentwickler\webspace\htdocs\mm-programming\vendor\twig\twig\lib\Twig\ExpressionParser.php:198
Stack trace:
#0 D:\Webentwickler\webspace\htdocs\mm-programming\vendor\twig\twig\lib\Twig\ExpressionParser.php(92): Twig_ExpressionParser->parsePrimaryExpression()
#1 D:\Webentwickler\webspace\htdocs\mm-programming\vendor\twig\twig\lib\Twig\ExpressionParser.php(45): Twig_ExpressionParser->getPrimary()
#2 D:\Webentwickler\webspace\htdocs\mm-programming\modules\cms\twig\ContentTokenParser.php(33): Twig_ExpressionParser->parseExpression()
#3 D:\Webentwickler\webspace\htdocs\mm-programming\vendor\twig\twig\lib\Twig\Parser.php(166): Cms\Twig\ContentTokenParser->parse(Object(Twig_Token))
#4 D:\Webentwickler\webspace\htdocs\mm-programming\vendor\twig\twig\lib\Twig\Parser.php(79): Twig_Parser->subparse(NULL, false)
#5 D:\Webentwickler\webspace\htdocs\mm-programming\vendor\twig\twig\lib\Twig\Environment.php(529): Twig_Parser->parse(Object(Twig_TokenStream))
#6 D:\Webentwickler\webspace\htdocs\mm-programming\vendor\twig\twig\lib\Twig\Environment.php(561): Twig_Environment->parse(Object(Twig_TokenStream))
#7 D:\Webentwickler\webspace\htdocs\mm-programming\vendor\twig\twig\lib\Twig\Environment.php(368): Twig_Environment->compileSource(Object(Twig_Source))
#8 D:\Webentwickler\webspace\htdocs\mm-programming\modules\cms\classes\Controller.php(376): Twig_Environment->loadTemplate('D:\\Webentwickle...')
#9 D:\Webentwickler\webspace\htdocs\mm-programming\modules\cms\classes\Controller.php(213): Cms\Classes\Controller->runPage(Object(Cms\Classes\Page))
#10 D:\Webentwickler\webspace\htdocs\mm-programming\modules\cms\classes\CmsController.php(50): Cms\Classes\Controller->run('home')
#11 [internal function]: Cms\Classes\CmsController->run('home')
#12 D:\Webentwickler\webspace\htdocs\mm-programming\vendor\laravel\framework\src\Illuminate\Routing\Controller.php(54): call_user_func_array(Array, Array)
#13 D:\Webentwickler\webspace\htdocs\mm-programming\vendor\laravel\framework\src\Illuminate\Routing\ControllerDispatcher.php(45): Illuminate\Routing\Controller->callAction('run', Array)
#14 D:\Webentwickler\webspace\htdocs\mm-programming\vendor\laravel\framework\src\Illuminate\Routing\Route.php(212): Illuminate\Routing\ControllerDispatcher->dispatch(Object(Illuminate\Routing\Route), Object(Cms\Classes\CmsController), 'run')
#15 D:\Webentwickler\webspace\htdocs\mm-programming\vendor\laravel\framework\src\Illuminate\Routing\Route.php(169): Illuminate\Routing\Route->runController()
#16 D:\Webentwickler\webspace\htdocs\mm-programming\vendor\laravel\framework\src\Illuminate\Routing\Router.php(658): Illuminate\Routing\Route->run()
#17 D:\Webentwickler\webspace\htdocs\mm-programming\vendor\laravel\framework\src\Illuminate\Routing\Pipeline.php(30): Illuminate\Routing\Router->Illuminate\Routing\{closure}(Object(Illuminate\Http\Request))
#18 D:\Webentwickler\webspace\htdocs\mm-programming\vendor\laravel\framework\src\Illuminate\Routing\Middleware\SubstituteBindings.php(41): Illuminate\Routing\Pipeline->Illuminate\Routing\{closure}(Object(Illuminate\Http\Request))
#19 D:\Webentwickler\webspace\htdocs\mm-programming\vendor\laravel\framework\src\Illuminate\Pipeline\Pipeline.php(149): Illuminate\Routing\Middleware\SubstituteBindings->handle(Object(Illuminate\Http\Request), Object(Closure))
#20 D:\Webentwickler\webspace\htdocs\mm-programming\vendor\laravel\framework\src\Illuminate\Routing\Pipeline.php(53): Illuminate\Pipeline\Pipeline->Illuminate\Pipeline\{closure}(Object(Illuminate\Http\Request))
#21 D:\Webentwickler\webspace\htdocs\mm-programming\vendor\laravel\framework\src\Illuminate\View\Middleware\ShareErrorsFromSession.php(49): Illuminate\Routing\Pipeline->Illuminate\Routing\{closure}(Object(Illuminate\Http\Request))
#22 D:\Webentwickler\webspace\htdocs\mm-programming\vendor\laravel\framework\src\Illuminate\Pipeline\Pipeline.php(149): Illuminate\View\Middleware\ShareErrorsFromSession->handle(Object(Illuminate\Http\Request), Object(Closure))
#23 D:\Webentwickler\webspace\htdocs\mm-programming\vendor\laravel\framework\src\Illuminate\Routing\Pipeline.php(53): Illuminate\Pipeline\Pipeline->Illuminate\Pipeline\{closure}(Object(Illuminate\Http\Request))
#24 D:\Webentwickler\webspace\htdocs\mm-programming\vendor\laravel\framework\src\Illuminate\Session\Middleware\StartSession.php(63): Illuminate\Routing\Pipeline->Illuminate\Routing\{closure}(Object(Illuminate\Http\Request))
#25 D:\Webentwickler\webspace\htdocs\mm-programming\vendor\laravel\framework\src\Illuminate\Pipeline\Pipeline.php(149): Illuminate\Session\Middleware\StartSession->handle(Object(Illuminate\Http\Request), Object(Closure))
#26 D:\Webentwickler\webspace\htdocs\mm-programming\vendor\laravel\framework\src\Illuminate\Routing\Pipeline.php(53): Illuminate\Pipeline\Pipeline->Illuminate\Pipeline\{closure}(Object(Illuminate\Http\Request))
#27 D:\Webentwickler\webspace\htdocs\mm-programming\vendor\laravel\framework\src\Illuminate\Cookie\Middleware\AddQueuedCookiesToResponse.php(37): Illuminate\Routing\Pipeline->Illuminate\Routing\{closure}(Object(Illuminate\Http\Request))
#28 D:\Webentwickler\webspace\htdocs\mm-programming\vendor\laravel\framework\src\Illuminate\Pipeline\Pipeline.php(149): Illuminate\Cookie\Middleware\AddQueuedCookiesToResponse->handle(Object(Illuminate\Http\Request), Object(Closure))
#29 D:\Webentwickler\webspace\htdocs\mm-programming\vendor\laravel\framework\src\Illuminate\Routing\Pipeline.php(53): Illuminate\Pipeline\Pipeline->Illuminate\Pipeline\{closure}(Object(Illuminate\Http\Request))
#30 D:\Webentwickler\webspace\htdocs\mm-programming\vendor\laravel\framework\src\Illuminate\Cookie\Middleware\EncryptCookies.php(59): Illuminate\Routing\Pipeline->Illuminate\Routing\{closure}(Object(Illuminate\Http\Request))
#31 D:\Webentwickler\webspace\htdocs\mm-programming\vendor\laravel\framework\src\Illuminate\Pipeline\Pipeline.php(149): Illuminate\Cookie\Middleware\EncryptCookies->handle(Object(Illuminate\Http\Request), Object(Closure))
#32 D:\Webentwickler\webspace\htdocs\mm-programming\vendor\laravel\framework\src\Illuminate\Routing\Pipeline.php(53): Illuminate\Pipeline\Pipeline->Illuminate\Pipeline\{closure}(Object(Illuminate\Http\Request))
#33 D:\Webentwickler\webspace\htdocs\mm-programming\vendor\laravel\framework\src\Illuminate\Pipeline\Pipeline.php(102): Illuminate\Routing\Pipeline->Illuminate\Routing\{closure}(Object(Illuminate\Http\Request))
#34 D:\Webentwickler\webspace\htdocs\mm-programming\vendor\laravel\framework\src\Illuminate\Routing\Router.php(660): Illuminate\Pipeline\Pipeline->then(Object(Closure))
#35 D:\Webentwickler\webspace\htdocs\mm-programming\vendor\laravel\framework\src\Illuminate\Routing\Router.php(635): Illuminate\Routing\Router->runRouteWithinStack(Object(Illuminate\Routing\Route), Object(Illuminate\Http\Request))
#36 D:\Webentwickler\webspace\htdocs\mm-programming\vendor\laravel\framework\src\Illuminate\Routing\Router.php(601): Illuminate\Routing\Router->runRoute(Object(Illuminate\Http\Request), Object(Illuminate\Routing\Route))
#37 D:\Webentwickler\webspace\htdocs\mm-programming\vendor\october\rain\src\Router\CoreRouter.php(20): Illuminate\Routing\Router->dispatchToRoute(Object(Illuminate\Http\Request))
#38 D:\Webentwickler\webspace\htdocs\mm-programming\vendor\laravel\framework\src\Illuminate\Foundation\Http\Kernel.php(176): October\Rain\Router\CoreRouter->dispatch(Object(Illuminate\Http\Request))
#39 D:\Webentwickler\webspace\htdocs\mm-programming\vendor\laravel\framework\src\Illuminate\Routing\Pipeline.php(30): Illuminate\Foundation\Http\Kernel->Illuminate\Foundation\Http\{closure}(Object(Illuminate\Http\Request))
#40 D:\Webentwickler\webspace\htdocs\mm-programming\vendor\laravel\framework\src\Illuminate\Foundation\Http\Middleware\CheckForMaintenanceMode.php(46): Illuminate\Routing\Pipeline->Illuminate\Routing\{closure}(Object(Illuminate\Http\Request))
#41 D:\Webentwickler\webspace\htdocs\mm-programming\vendor\laravel\framework\src\Illuminate\Pipeline\Pipeline.php(149): Illuminate\Foundation\Http\Middleware\CheckForMaintenanceMode->handle(Object(Illuminate\Http\Request), Object(Closure))
#42 D:\Webentwickler\webspace\htdocs\mm-programming\vendor\laravel\framework\src\Illuminate\Routing\Pipeline.php(53): Illuminate\Pipeline\Pipeline->Illuminate\Pipeline\{closure}(Object(Illuminate\Http\Request))
#43 D:\Webentwickler\webspace\htdocs\mm-programming\vendor\laravel\framework\src\Illuminate\Pipeline\Pipeline.php(102): Illuminate\Routing\Pipeline->Illuminate\Routing\{closure}(Object(Illuminate\Http\Request))
#44 D:\Webentwickler\webspace\htdocs\mm-programming\vendor\laravel\framework\src\Illuminate\Foundation\Http\Kernel.php(151): Illuminate\Pipeline\Pipeline->then(Object(Closure))
#45 D:\Webentwickler\webspace\htdocs\mm-programming\vendor\laravel\framework\src\Illuminate\Foundation\Http\Kernel.php(116): Illuminate\Foundation\Http\Kernel->sendRequestThroughRouter(Object(Illuminate\Http\Request))
#46 D:\Webentwickler\webspace\htdocs\mm-programming\index.php(43): Illuminate\Foundation\Http\Kernel->handle(Object(Illuminate\Http\Request))
#47 {main}  
[2018-01-17 07:42:49] dev.ERROR: Twig_Error_Syntax: Unknown "this" tag in "D:\Webentwickler\webspace\htdocs\mm-programming/themes/mm-programming/layouts/basis.htm" at line 8. in D:\Webentwickler\webspace\htdocs\mm-programming\vendor\twig\twig\lib\Twig\Parser.php:156
Stack trace:
#0 D:\Webentwickler\webspace\htdocs\mm-programming\vendor\twig\twig\lib\Twig\Parser.php(79): Twig_Parser->subparse(NULL, false)
#1 D:\Webentwickler\webspace\htdocs\mm-programming\vendor\twig\twig\lib\Twig\Environment.php(529): Twig_Parser->parse(Object(Twig_TokenStream))
#2 D:\Webentwickler\webspace\htdocs\mm-programming\vendor\twig\twig\lib\Twig\Environment.php(561): Twig_Environment->parse(Object(Twig_TokenStream))
#3 D:\Webentwickler\webspace\htdocs\mm-programming\vendor\twig\twig\lib\Twig\Environment.php(368): Twig_Environment->compileSource(Object(Twig_Source))
#4 D:\Webentwickler\webspace\htdocs\mm-programming\modules\cms\classes\Controller.php(376): Twig_Environment->loadTemplate('D:\\Webentwickle...')
#5 D:\Webentwickler\webspace\htdocs\mm-programming\modules\cms\classes\Controller.php(213): Cms\Classes\Controller->runPage(Object(Cms\Classes\Page))
#6 D:\Webentwickler\webspace\htdocs\mm-programming\modules\cms\classes\CmsController.php(50): Cms\Classes\Controller->run('home')
#7 [internal function]: Cms\Classes\CmsController->run('home')
#8 D:\Webentwickler\webspace\htdocs\mm-programming\vendor\laravel\framework\src\Illuminate\Routing\Controller.php(54): call_user_func_array(Array, Array)
#9 D:\Webentwickler\webspace\htdocs\mm-programming\vendor\laravel\framework\src\Illuminate\Routing\ControllerDispatcher.php(45): Illuminate\Routing\Controller->callAction('run', Array)
#10 D:\Webentwickler\webspace\htdocs\mm-programming\vendor\laravel\framework\src\Illuminate\Routing\Route.php(212): Illuminate\Routing\ControllerDispatcher->dispatch(Object(Illuminate\Routing\Route), Object(Cms\Classes\CmsController), 'run')
#11 D:\Webentwickler\webspace\htdocs\mm-programming\vendor\laravel\framework\src\Illuminate\Routing\Route.php(169): Illuminate\Routing\Route->runController()
#12 D:\Webentwickler\webspace\htdocs\mm-programming\vendor\laravel\framework\src\Illuminate\Routing\Router.php(658): Illuminate\Routing\Route->run()
#13 D:\Webentwickler\webspace\htdocs\mm-programming\vendor\laravel\framework\src\Illuminate\Routing\Pipeline.php(30): Illuminate\Routing\Router->Illuminate\Routing\{closure}(Object(Illuminate\Http\Request))
#14 D:\Webentwickler\webspace\htdocs\mm-programming\vendor\laravel\framework\src\Illuminate\Routing\Middleware\SubstituteBindings.php(41): Illuminate\Routing\Pipeline->Illuminate\Routing\{closure}(Object(Illuminate\Http\Request))
#15 D:\Webentwickler\webspace\htdocs\mm-programming\vendor\laravel\framework\src\Illuminate\Pipeline\Pipeline.php(149): Illuminate\Routing\Middleware\SubstituteBindings->handle(Object(Illuminate\Http\Request), Object(Closure))
#16 D:\Webentwickler\webspace\htdocs\mm-programming\vendor\laravel\framework\src\Illuminate\Routing\Pipeline.php(53): Illuminate\Pipeline\Pipeline->Illuminate\Pipeline\{closure}(Object(Illuminate\Http\Request))
#17 D:\Webentwickler\webspace\htdocs\mm-programming\vendor\laravel\framework\src\Illuminate\View\Middleware\ShareErrorsFromSession.php(49): Illuminate\Routing\Pipeline->Illuminate\Routing\{closure}(Object(Illuminate\Http\Request))
#18 D:\Webentwickler\webspace\htdocs\mm-programming\vendor\laravel\framework\src\Illuminate\Pipeline\Pipeline.php(149): Illuminate\View\Middleware\ShareErrorsFromSession->handle(Object(Illuminate\Http\Request), Object(Closure))
#19 D:\Webentwickler\webspace\htdocs\mm-programming\vendor\laravel\framework\src\Illuminate\Routing\Pipeline.php(53): Illuminate\Pipeline\Pipeline->Illuminate\Pipeline\{closure}(Object(Illuminate\Http\Request))
#20 D:\Webentwickler\webspace\htdocs\mm-programming\vendor\laravel\framework\src\Illuminate\Session\Middleware\StartSession.php(63): Illuminate\Routing\Pipeline->Illuminate\Routing\{closure}(Object(Illuminate\Http\Request))
#21 D:\Webentwickler\webspace\htdocs\mm-programming\vendor\laravel\framework\src\Illuminate\Pipeline\Pipeline.php(149): Illuminate\Session\Middleware\StartSession->handle(Object(Illuminate\Http\Request), Object(Closure))
#22 D:\Webentwickler\webspace\htdocs\mm-programming\vendor\laravel\framework\src\Illuminate\Routing\Pipeline.php(53): Illuminate\Pipeline\Pipeline->Illuminate\Pipeline\{closure}(Object(Illuminate\Http\Request))
#23 D:\Webentwickler\webspace\htdocs\mm-programming\vendor\laravel\framework\src\Illuminate\Cookie\Middleware\AddQueuedCookiesToResponse.php(37): Illuminate\Routing\Pipeline->Illuminate\Routing\{closure}(Object(Illuminate\Http\Request))
#24 D:\Webentwickler\webspace\htdocs\mm-programming\vendor\laravel\framework\src\Illuminate\Pipeline\Pipeline.php(149): Illuminate\Cookie\Middleware\AddQueuedCookiesToResponse->handle(Object(Illuminate\Http\Request), Object(Closure))
#25 D:\Webentwickler\webspace\htdocs\mm-programming\vendor\laravel\framework\src\Illuminate\Routing\Pipeline.php(53): Illuminate\Pipeline\Pipeline->Illuminate\Pipeline\{closure}(Object(Illuminate\Http\Request))
#26 D:\Webentwickler\webspace\htdocs\mm-programming\vendor\laravel\framework\src\Illuminate\Cookie\Middleware\EncryptCookies.php(59): Illuminate\Routing\Pipeline->Illuminate\Routing\{closure}(Object(Illuminate\Http\Request))
#27 D:\Webentwickler\webspace\htdocs\mm-programming\vendor\laravel\framework\src\Illuminate\Pipeline\Pipeline.php(149): Illuminate\Cookie\Middleware\EncryptCookies->handle(Object(Illuminate\Http\Request), Object(Closure))
#28 D:\Webentwickler\webspace\htdocs\mm-programming\vendor\laravel\framework\src\Illuminate\Routing\Pipeline.php(53): Illuminate\Pipeline\Pipeline->Illuminate\Pipeline\{closure}(Object(Illuminate\Http\Request))
#29 D:\Webentwickler\webspace\htdocs\mm-programming\vendor\laravel\framework\src\Illuminate\Pipeline\Pipeline.php(102): Illuminate\Routing\Pipeline->Illuminate\Routing\{closure}(Object(Illuminate\Http\Request))
#30 D:\Webentwickler\webspace\htdocs\mm-programming\vendor\laravel\framework\src\Illuminate\Routing\Router.php(660): Illuminate\Pipeline\Pipeline->then(Object(Closure))
#31 D:\Webentwickler\webspace\htdocs\mm-programming\vendor\laravel\framework\src\Illuminate\Routing\Router.php(635): Illuminate\Routing\Router->runRouteWithinStack(Object(Illuminate\Routing\Route), Object(Illuminate\Http\Request))
#32 D:\Webentwickler\webspace\htdocs\mm-programming\vendor\laravel\framework\src\Illuminate\Routing\Router.php(601): Illuminate\Routing\Router->runRoute(Object(Illuminate\Http\Request), Object(Illuminate\Routing\Route))
#33 D:\Webentwickler\webspace\htdocs\mm-programming\vendor\october\rain\src\Router\CoreRouter.php(20): Illuminate\Routing\Router->dispatchToRoute(Object(Illuminate\Http\Request))
#34 D:\Webentwickler\webspace\htdocs\mm-programming\vendor\laravel\framework\src\Illuminate\Foundation\Http\Kernel.php(176): October\Rain\Router\CoreRouter->dispatch(Object(Illuminate\Http\Request))
#35 D:\Webentwickler\webspace\htdocs\mm-programming\vendor\laravel\framework\src\Illuminate\Routing\Pipeline.php(30): Illuminate\Foundation\Http\Kernel->Illuminate\Foundation\Http\{closure}(Object(Illuminate\Http\Request))
#36 D:\Webentwickler\webspace\htdocs\mm-programming\vendor\laravel\framework\src\Illuminate\Foundation\Http\Middleware\CheckForMaintenanceMode.php(46): Illuminate\Routing\Pipeline->Illuminate\Routing\{closure}(Object(Illuminate\Http\Request))
#37 D:\Webentwickler\webspace\htdocs\mm-programming\vendor\laravel\framework\src\Illuminate\Pipeline\Pipeline.php(149): Illuminate\Foundation\Http\Middleware\CheckForMaintenanceMode->handle(Object(Illuminate\Http\Request), Object(Closure))
#38 D:\Webentwickler\webspace\htdocs\mm-programming\vendor\laravel\framework\src\Illuminate\Routing\Pipeline.php(53): Illuminate\Pipeline\Pipeline->Illuminate\Pipeline\{closure}(Object(Illuminate\Http\Request))
#39 D:\Webentwickler\webspace\htdocs\mm-programming\vendor\laravel\framework\src\Illuminate\Pipeline\Pipeline.php(102): Illuminate\Routing\Pipeline->Illuminate\Routing\{closure}(Object(Illuminate\Http\Request))
#40 D:\Webentwickler\webspace\htdocs\mm-programming\vendor\laravel\framework\src\Illuminate\Foundation\Http\Kernel.php(151): Illuminate\Pipeline\Pipeline->then(Object(Closure))
#41 D:\Webentwickler\webspace\htdocs\mm-programming\vendor\laravel\framework\src\Illuminate\Foundation\Http\Kernel.php(116): Illuminate\Foundation\Http\Kernel->sendRequestThroughRouter(Object(Illuminate\Http\Request))
#42 D:\Webentwickler\webspace\htdocs\mm-programming\index.php(43): Illuminate\Foundation\Http\Kernel->handle(Object(Illuminate\Http\Request))
#43 {main}  
[2018-01-17 08:16:24] dev.ERROR: Cms\Classes\CmsException: The partial 'footer' is not found. in D:\Webentwickler\webspace\htdocs\mm-programming\modules\cms\classes\Controller.php:859
Stack trace:
#0 D:\Webentwickler\webspace\htdocs\mm-programming\modules\cms\twig\Extension.php(106): Cms\Classes\Controller->renderPartial('footer', Array, true)
#1 D:\Webentwickler\webspace\htdocs\mm-programming\storage\cms\twig\f9\f980c9459e0ba6133898a011da482765aa2aebee5c746ac5a4b55d362297e495.php(60): Cms\Twig\Extension->partialFunction('footer', Array, true)
#2 D:\Webentwickler\webspace\htdocs\mm-programming\vendor\twig\twig\lib\Twig\Template.php(389): __TwigTemplate_9efaec89e06c2ccc93f3d4f71b14b77a61ea135a63e15ab95768c3124701738e->doDisplay(Array, Array)
#3 D:\Webentwickler\webspace\htdocs\mm-programming\vendor\twig\twig\lib\Twig\Template.php(366): Twig_Template->displayWithErrorHandling(Array, Array)
#4 D:\Webentwickler\webspace\htdocs\mm-programming\vendor\twig\twig\lib\Twig\Template.php(374): Twig_Template->display(Array)
#5 D:\Webentwickler\webspace\htdocs\mm-programming\modules\cms\classes\Controller.php(377): Twig_Template->render(Array)
#6 D:\Webentwickler\webspace\htdocs\mm-programming\modules\cms\classes\Controller.php(213): Cms\Classes\Controller->runPage(Object(Cms\Classes\Page))
#7 D:\Webentwickler\webspace\htdocs\mm-programming\modules\cms\classes\CmsController.php(50): Cms\Classes\Controller->run('/')
#8 [internal function]: Cms\Classes\CmsController->run('/')
#9 D:\Webentwickler\webspace\htdocs\mm-programming\vendor\laravel\framework\src\Illuminate\Routing\Controller.php(54): call_user_func_array(Array, Array)
#10 D:\Webentwickler\webspace\htdocs\mm-programming\vendor\laravel\framework\src\Illuminate\Routing\ControllerDispatcher.php(45): Illuminate\Routing\Controller->callAction('run', Array)
#11 D:\Webentwickler\webspace\htdocs\mm-programming\vendor\laravel\framework\src\Illuminate\Routing\Route.php(212): Illuminate\Routing\ControllerDispatcher->dispatch(Object(Illuminate\Routing\Route), Object(Cms\Classes\CmsController), 'run')
#12 D:\Webentwickler\webspace\htdocs\mm-programming\vendor\laravel\framework\src\Illuminate\Routing\Route.php(169): Illuminate\Routing\Route->runController()
#13 D:\Webentwickler\webspace\htdocs\mm-programming\vendor\laravel\framework\src\Illuminate\Routing\Router.php(658): Illuminate\Routing\Route->run()
#14 D:\Webentwickler\webspace\htdocs\mm-programming\vendor\laravel\framework\src\Illuminate\Routing\Pipeline.php(30): Illuminate\Routing\Router->Illuminate\Routing\{closure}(Object(Illuminate\Http\Request))
#15 D:\Webentwickler\webspace\htdocs\mm-programming\vendor\laravel\framework\src\Illuminate\Routing\Middleware\SubstituteBindings.php(41): Illuminate\Routing\Pipeline->Illuminate\Routing\{closure}(Object(Illuminate\Http\Request))
#16 D:\Webentwickler\webspace\htdocs\mm-programming\vendor\laravel\framework\src\Illuminate\Pipeline\Pipeline.php(149): Illuminate\Routing\Middleware\SubstituteBindings->handle(Object(Illuminate\Http\Request), Object(Closure))
#17 D:\Webentwickler\webspace\htdocs\mm-programming\vendor\laravel\framework\src\Illuminate\Routing\Pipeline.php(53): Illuminate\Pipeline\Pipeline->Illuminate\Pipeline\{closure}(Object(Illuminate\Http\Request))
#18 D:\Webentwickler\webspace\htdocs\mm-programming\vendor\laravel\framework\src\Illuminate\View\Middleware\ShareErrorsFromSession.php(49): Illuminate\Routing\Pipeline->Illuminate\Routing\{closure}(Object(Illuminate\Http\Request))
#19 D:\Webentwickler\webspace\htdocs\mm-programming\vendor\laravel\framework\src\Illuminate\Pipeline\Pipeline.php(149): Illuminate\View\Middleware\ShareErrorsFromSession->handle(Object(Illuminate\Http\Request), Object(Closure))
#20 D:\Webentwickler\webspace\htdocs\mm-programming\vendor\laravel\framework\src\Illuminate\Routing\Pipeline.php(53): Illuminate\Pipeline\Pipeline->Illuminate\Pipeline\{closure}(Object(Illuminate\Http\Request))
#21 D:\Webentwickler\webspace\htdocs\mm-programming\vendor\laravel\framework\src\Illuminate\Session\Middleware\StartSession.php(63): Illuminate\Routing\Pipeline->Illuminate\Routing\{closure}(Object(Illuminate\Http\Request))
#22 D:\Webentwickler\webspace\htdocs\mm-programming\vendor\laravel\framework\src\Illuminate\Pipeline\Pipeline.php(149): Illuminate\Session\Middleware\StartSession->handle(Object(Illuminate\Http\Request), Object(Closure))
#23 D:\Webentwickler\webspace\htdocs\mm-programming\vendor\laravel\framework\src\Illuminate\Routing\Pipeline.php(53): Illuminate\Pipeline\Pipeline->Illuminate\Pipeline\{closure}(Object(Illuminate\Http\Request))
#24 D:\Webentwickler\webspace\htdocs\mm-programming\vendor\laravel\framework\src\Illuminate\Cookie\Middleware\AddQueuedCookiesToResponse.php(37): Illuminate\Routing\Pipeline->Illuminate\Routing\{closure}(Object(Illuminate\Http\Request))
#25 D:\Webentwickler\webspace\htdocs\mm-programming\vendor\laravel\framework\src\Illuminate\Pipeline\Pipeline.php(149): Illuminate\Cookie\Middleware\AddQueuedCookiesToResponse->handle(Object(Illuminate\Http\Request), Object(Closure))
#26 D:\Webentwickler\webspace\htdocs\mm-programming\vendor\laravel\framework\src\Illuminate\Routing\Pipeline.php(53): Illuminate\Pipeline\Pipeline->Illuminate\Pipeline\{closure}(Object(Illuminate\Http\Request))
#27 D:\Webentwickler\webspace\htdocs\mm-programming\vendor\laravel\framework\src\Illuminate\Cookie\Middleware\EncryptCookies.php(59): Illuminate\Routing\Pipeline->Illuminate\Routing\{closure}(Object(Illuminate\Http\Request))
#28 D:\Webentwickler\webspace\htdocs\mm-programming\vendor\laravel\framework\src\Illuminate\Pipeline\Pipeline.php(149): Illuminate\Cookie\Middleware\EncryptCookies->handle(Object(Illuminate\Http\Request), Object(Closure))
#29 D:\Webentwickler\webspace\htdocs\mm-programming\vendor\laravel\framework\src\Illuminate\Routing\Pipeline.php(53): Illuminate\Pipeline\Pipeline->Illuminate\Pipeline\{closure}(Object(Illuminate\Http\Request))
#30 D:\Webentwickler\webspace\htdocs\mm-programming\vendor\laravel\framework\src\Illuminate\Pipeline\Pipeline.php(102): Illuminate\Routing\Pipeline->Illuminate\Routing\{closure}(Object(Illuminate\Http\Request))
#31 D:\Webentwickler\webspace\htdocs\mm-programming\vendor\laravel\framework\src\Illuminate\Routing\Router.php(660): Illuminate\Pipeline\Pipeline->then(Object(Closure))
#32 D:\Webentwickler\webspace\htdocs\mm-programming\vendor\laravel\framework\src\Illuminate\Routing\Router.php(635): Illuminate\Routing\Router->runRouteWithinStack(Object(Illuminate\Routing\Route), Object(Illuminate\Http\Request))
#33 D:\Webentwickler\webspace\htdocs\mm-programming\vendor\laravel\framework\src\Illuminate\Routing\Router.php(601): Illuminate\Routing\Router->runRoute(Object(Illuminate\Http\Request), Object(Illuminate\Routing\Route))
#34 D:\Webentwickler\webspace\htdocs\mm-programming\vendor\october\rain\src\Router\CoreRouter.php(20): Illuminate\Routing\Router->dispatchToRoute(Object(Illuminate\Http\Request))
#35 D:\Webentwickler\webspace\htdocs\mm-programming\vendor\laravel\framework\src\Illuminate\Foundation\Http\Kernel.php(176): October\Rain\Router\CoreRouter->dispatch(Object(Illuminate\Http\Request))
#36 D:\Webentwickler\webspace\htdocs\mm-programming\vendor\laravel\framework\src\Illuminate\Routing\Pipeline.php(30): Illuminate\Foundation\Http\Kernel->Illuminate\Foundation\Http\{closure}(Object(Illuminate\Http\Request))
#37 D:\Webentwickler\webspace\htdocs\mm-programming\vendor\laravel\framework\src\Illuminate\Foundation\Http\Middleware\CheckForMaintenanceMode.php(46): Illuminate\Routing\Pipeline->Illuminate\Routing\{closure}(Object(Illuminate\Http\Request))
#38 D:\Webentwickler\webspace\htdocs\mm-programming\vendor\laravel\framework\src\Illuminate\Pipeline\Pipeline.php(149): Illuminate\Foundation\Http\Middleware\CheckForMaintenanceMode->handle(Object(Illuminate\Http\Request), Object(Closure))
#39 D:\Webentwickler\webspace\htdocs\mm-programming\vendor\laravel\framework\src\Illuminate\Routing\Pipeline.php(53): Illuminate\Pipeline\Pipeline->Illuminate\Pipeline\{closure}(Object(Illuminate\Http\Request))
#40 D:\Webentwickler\webspace\htdocs\mm-programming\vendor\laravel\framework\src\Illuminate\Pipeline\Pipeline.php(102): Illuminate\Routing\Pipeline->Illuminate\Routing\{closure}(Object(Illuminate\Http\Request))
#41 D:\Webentwickler\webspace\htdocs\mm-programming\vendor\laravel\framework\src\Illuminate\Foundation\Http\Kernel.php(151): Illuminate\Pipeline\Pipeline->then(Object(Closure))
#42 D:\Webentwickler\webspace\htdocs\mm-programming\vendor\laravel\framework\src\Illuminate\Foundation\Http\Kernel.php(116): Illuminate\Foundation\Http\Kernel->sendRequestThroughRouter(Object(Illuminate\Http\Request))
#43 D:\Webentwickler\webspace\htdocs\mm-programming\index.php(43): Illuminate\Foundation\Http\Kernel->handle(Object(Illuminate\Http\Request))
#44 {main}

Next Twig_Error_Runtime: An exception has been thrown during the rendering of a template ("The partial 'footer' is not found.") in "D:\Webentwickler\webspace\htdocs\mm-programming/themes/mm-programming/layouts/basis.htm" at line 26. in D:\Webentwickler\webspace\htdocs\mm-programming\vendor\twig\twig\lib\Twig\Template.php:404
Stack trace:
#0 D:\Webentwickler\webspace\htdocs\mm-programming\vendor\twig\twig\lib\Twig\Template.php(366): Twig_Template->displayWithErrorHandling(Array, Array)
#1 D:\Webentwickler\webspace\htdocs\mm-programming\vendor\twig\twig\lib\Twig\Template.php(374): Twig_Template->display(Array)
#2 D:\Webentwickler\webspace\htdocs\mm-programming\modules\cms\classes\Controller.php(377): Twig_Template->render(Array)
#3 D:\Webentwickler\webspace\htdocs\mm-programming\modules\cms\classes\Controller.php(213): Cms\Classes\Controller->runPage(Object(Cms\Classes\Page))
#4 D:\Webentwickler\webspace\htdocs\mm-programming\modules\cms\classes\CmsController.php(50): Cms\Classes\Controller->run('/')
#5 [internal function]: Cms\Classes\CmsController->run('/')
#6 D:\Webentwickler\webspace\htdocs\mm-programming\vendor\laravel\framework\src\Illuminate\Routing\Controller.php(54): call_user_func_array(Array, Array)
#7 D:\Webentwickler\webspace\htdocs\mm-programming\vendor\laravel\framework\src\Illuminate\Routing\ControllerDispatcher.php(45): Illuminate\Routing\Controller->callAction('run', Array)
#8 D:\Webentwickler\webspace\htdocs\mm-programming\vendor\laravel\framework\src\Illuminate\Routing\Route.php(212): Illuminate\Routing\ControllerDispatcher->dispatch(Object(Illuminate\Routing\Route), Object(Cms\Classes\CmsController), 'run')
#9 D:\Webentwickler\webspace\htdocs\mm-programming\vendor\laravel\framework\src\Illuminate\Routing\Route.php(169): Illuminate\Routing\Route->runController()
#10 D:\Webentwickler\webspace\htdocs\mm-programming\vendor\laravel\framework\src\Illuminate\Routing\Router.php(658): Illuminate\Routing\Route->run()
#11 D:\Webentwickler\webspace\htdocs\mm-programming\vendor\laravel\framework\src\Illuminate\Routing\Pipeline.php(30): Illuminate\Routing\Router->Illuminate\Routing\{closure}(Object(Illuminate\Http\Request))
#12 D:\Webentwickler\webspace\htdocs\mm-programming\vendor\laravel\framework\src\Illuminate\Routing\Middleware\SubstituteBindings.php(41): Illuminate\Routing\Pipeline->Illuminate\Routing\{closure}(Object(Illuminate\Http\Request))
#13 D:\Webentwickler\webspace\htdocs\mm-programming\vendor\laravel\framework\src\Illuminate\Pipeline\Pipeline.php(149): Illuminate\Routing\Middleware\SubstituteBindings->handle(Object(Illuminate\Http\Request), Object(Closure))
#14 D:\Webentwickler\webspace\htdocs\mm-programming\vendor\laravel\framework\src\Illuminate\Routing\Pipeline.php(53): Illuminate\Pipeline\Pipeline->Illuminate\Pipeline\{closure}(Object(Illuminate\Http\Request))
#15 D:\Webentwickler\webspace\htdocs\mm-programming\vendor\laravel\framework\src\Illuminate\View\Middleware\ShareErrorsFromSession.php(49): Illuminate\Routing\Pipeline->Illuminate\Routing\{closure}(Object(Illuminate\Http\Request))
#16 D:\Webentwickler\webspace\htdocs\mm-programming\vendor\laravel\framework\src\Illuminate\Pipeline\Pipeline.php(149): Illuminate\View\Middleware\ShareErrorsFromSession->handle(Object(Illuminate\Http\Request), Object(Closure))
#17 D:\Webentwickler\webspace\htdocs\mm-programming\vendor\laravel\framework\src\Illuminate\Routing\Pipeline.php(53): Illuminate\Pipeline\Pipeline->Illuminate\Pipeline\{closure}(Object(Illuminate\Http\Request))
#18 D:\Webentwickler\webspace\htdocs\mm-programming\vendor\laravel\framework\src\Illuminate\Session\Middleware\StartSession.php(63): Illuminate\Routing\Pipeline->Illuminate\Routing\{closure}(Object(Illuminate\Http\Request))
#19 D:\Webentwickler\webspace\htdocs\mm-programming\vendor\laravel\framework\src\Illuminate\Pipeline\Pipeline.php(149): Illuminate\Session\Middleware\StartSession->handle(Object(Illuminate\Http\Request), Object(Closure))
#20 D:\Webentwickler\webspace\htdocs\mm-programming\vendor\laravel\framework\src\Illuminate\Routing\Pipeline.php(53): Illuminate\Pipeline\Pipeline->Illuminate\Pipeline\{closure}(Object(Illuminate\Http\Request))
#21 D:\Webentwickler\webspace\htdocs\mm-programming\vendor\laravel\framework\src\Illuminate\Cookie\Middleware\AddQueuedCookiesToResponse.php(37): Illuminate\Routing\Pipeline->Illuminate\Routing\{closure}(Object(Illuminate\Http\Request))
#22 D:\Webentwickler\webspace\htdocs\mm-programming\vendor\laravel\framework\src\Illuminate\Pipeline\Pipeline.php(149): Illuminate\Cookie\Middleware\AddQueuedCookiesToResponse->handle(Object(Illuminate\Http\Request), Object(Closure))
#23 D:\Webentwickler\webspace\htdocs\mm-programming\vendor\laravel\framework\src\Illuminate\Routing\Pipeline.php(53): Illuminate\Pipeline\Pipeline->Illuminate\Pipeline\{closure}(Object(Illuminate\Http\Request))
#24 D:\Webentwickler\webspace\htdocs\mm-programming\vendor\laravel\framework\src\Illuminate\Cookie\Middleware\EncryptCookies.php(59): Illuminate\Routing\Pipeline->Illuminate\Routing\{closure}(Object(Illuminate\Http\Request))
#25 D:\Webentwickler\webspace\htdocs\mm-programming\vendor\laravel\framework\src\Illuminate\Pipeline\Pipeline.php(149): Illuminate\Cookie\Middleware\EncryptCookies->handle(Object(Illuminate\Http\Request), Object(Closure))
#26 D:\Webentwickler\webspace\htdocs\mm-programming\vendor\laravel\framework\src\Illuminate\Routing\Pipeline.php(53): Illuminate\Pipeline\Pipeline->Illuminate\Pipeline\{closure}(Object(Illuminate\Http\Request))
#27 D:\Webentwickler\webspace\htdocs\mm-programming\vendor\laravel\framework\src\Illuminate\Pipeline\Pipeline.php(102): Illuminate\Routing\Pipeline->Illuminate\Routing\{closure}(Object(Illuminate\Http\Request))
#28 D:\Webentwickler\webspace\htdocs\mm-programming\vendor\laravel\framework\src\Illuminate\Routing\Router.php(660): Illuminate\Pipeline\Pipeline->then(Object(Closure))
#29 D:\Webentwickler\webspace\htdocs\mm-programming\vendor\laravel\framework\src\Illuminate\Routing\Router.php(635): Illuminate\Routing\Router->runRouteWithinStack(Object(Illuminate\Routing\Route), Object(Illuminate\Http\Request))
#30 D:\Webentwickler\webspace\htdocs\mm-programming\vendor\laravel\framework\src\Illuminate\Routing\Router.php(601): Illuminate\Routing\Router->runRoute(Object(Illuminate\Http\Request), Object(Illuminate\Routing\Route))
#31 D:\Webentwickler\webspace\htdocs\mm-programming\vendor\october\rain\src\Router\CoreRouter.php(20): Illuminate\Routing\Router->dispatchToRoute(Object(Illuminate\Http\Request))
#32 D:\Webentwickler\webspace\htdocs\mm-programming\vendor\laravel\framework\src\Illuminate\Foundation\Http\Kernel.php(176): October\Rain\Router\CoreRouter->dispatch(Object(Illuminate\Http\Request))
#33 D:\Webentwickler\webspace\htdocs\mm-programming\vendor\laravel\framework\src\Illuminate\Routing\Pipeline.php(30): Illuminate\Foundation\Http\Kernel->Illuminate\Foundation\Http\{closure}(Object(Illuminate\Http\Request))
#34 D:\Webentwickler\webspace\htdocs\mm-programming\vendor\laravel\framework\src\Illuminate\Foundation\Http\Middleware\CheckForMaintenanceMode.php(46): Illuminate\Routing\Pipeline->Illuminate\Routing\{closure}(Object(Illuminate\Http\Request))
#35 D:\Webentwickler\webspace\htdocs\mm-programming\vendor\laravel\framework\src\Illuminate\Pipeline\Pipeline.php(149): Illuminate\Foundation\Http\Middleware\CheckForMaintenanceMode->handle(Object(Illuminate\Http\Request), Object(Closure))
#36 D:\Webentwickler\webspace\htdocs\mm-programming\vendor\laravel\framework\src\Illuminate\Routing\Pipeline.php(53): Illuminate\Pipeline\Pipeline->Illuminate\Pipeline\{closure}(Object(Illuminate\Http\Request))
#37 D:\Webentwickler\webspace\htdocs\mm-programming\vendor\laravel\framework\src\Illuminate\Pipeline\Pipeline.php(102): Illuminate\Routing\Pipeline->Illuminate\Routing\{closure}(Object(Illuminate\Http\Request))
#38 D:\Webentwickler\webspace\htdocs\mm-programming\vendor\laravel\framework\src\Illuminate\Foundation\Http\Kernel.php(151): Illuminate\Pipeline\Pipeline->then(Object(Closure))
#39 D:\Webentwickler\webspace\htdocs\mm-programming\vendor\laravel\framework\src\Illuminate\Foundation\Http\Kernel.php(116): Illuminate\Foundation\Http\Kernel->sendRequestThroughRouter(Object(Illuminate\Http\Request))
#40 D:\Webentwickler\webspace\htdocs\mm-programming\index.php(43): Illuminate\Foundation\Http\Kernel->handle(Object(Illuminate\Http\Request))
#41 {main}  
[2018-01-18 07:18:32] dev.ERROR: Cms\Classes\CmsException: The content file 'DokumentationsTool.htm' is not found. in D:\Webentwickler\webspace\htdocs\mm-programming\modules\cms\classes\Controller.php:957
Stack trace:
#0 D:\Webentwickler\webspace\htdocs\mm-programming\modules\cms\twig\Extension.php(117): Cms\Classes\Controller->renderContent('DokumentationsT...', Array)
#1 D:\Webentwickler\webspace\htdocs\mm-programming\storage\cms\twig\bd\bd391b88438686953e478973732966dbd195053407e01f93b4d399c293827507.php(36): Cms\Twig\Extension->contentFunction('DokumentationsT...', Array)
#2 D:\Webentwickler\webspace\htdocs\mm-programming\vendor\twig\twig\lib\Twig\Template.php(389): __TwigTemplate_3bcfbf6778eb1f8fdedee298b53a9b0c905d05f28f4cf2a38eafc03819d64471->doDisplay(Array, Array)
#3 D:\Webentwickler\webspace\htdocs\mm-programming\vendor\twig\twig\lib\Twig\Template.php(366): Twig_Template->displayWithErrorHandling(Array, Array)
#4 D:\Webentwickler\webspace\htdocs\mm-programming\vendor\twig\twig\lib\Twig\Template.php(374): Twig_Template->display(Array)
#5 D:\Webentwickler\webspace\htdocs\mm-programming\modules\cms\classes\Controller.php(367): Twig_Template->render(Array)
#6 D:\Webentwickler\webspace\htdocs\mm-programming\modules\cms\classes\Controller.php(213): Cms\Classes\Controller->runPage(Object(Cms\Classes\Page))
#7 D:\Webentwickler\webspace\htdocs\mm-programming\modules\cms\classes\CmsController.php(50): Cms\Classes\Controller->run('produkte')
#8 [internal function]: Cms\Classes\CmsController->run('produkte')
#9 D:\Webentwickler\webspace\htdocs\mm-programming\vendor\laravel\framework\src\Illuminate\Routing\Controller.php(54): call_user_func_array(Array, Array)
#10 D:\Webentwickler\webspace\htdocs\mm-programming\vendor\laravel\framework\src\Illuminate\Routing\ControllerDispatcher.php(45): Illuminate\Routing\Controller->callAction('run', Array)
#11 D:\Webentwickler\webspace\htdocs\mm-programming\vendor\laravel\framework\src\Illuminate\Routing\Route.php(212): Illuminate\Routing\ControllerDispatcher->dispatch(Object(Illuminate\Routing\Route), Object(Cms\Classes\CmsController), 'run')
#12 D:\Webentwickler\webspace\htdocs\mm-programming\vendor\laravel\framework\src\Illuminate\Routing\Route.php(169): Illuminate\Routing\Route->runController()
#13 D:\Webentwickler\webspace\htdocs\mm-programming\vendor\laravel\framework\src\Illuminate\Routing\Router.php(658): Illuminate\Routing\Route->run()
#14 D:\Webentwickler\webspace\htdocs\mm-programming\vendor\laravel\framework\src\Illuminate\Routing\Pipeline.php(30): Illuminate\Routing\Router->Illuminate\Routing\{closure}(Object(Illuminate\Http\Request))
#15 D:\Webentwickler\webspace\htdocs\mm-programming\vendor\laravel\framework\src\Illuminate\Routing\Middleware\SubstituteBindings.php(41): Illuminate\Routing\Pipeline->Illuminate\Routing\{closure}(Object(Illuminate\Http\Request))
#16 D:\Webentwickler\webspace\htdocs\mm-programming\vendor\laravel\framework\src\Illuminate\Pipeline\Pipeline.php(149): Illuminate\Routing\Middleware\SubstituteBindings->handle(Object(Illuminate\Http\Request), Object(Closure))
#17 D:\Webentwickler\webspace\htdocs\mm-programming\vendor\laravel\framework\src\Illuminate\Routing\Pipeline.php(53): Illuminate\Pipeline\Pipeline->Illuminate\Pipeline\{closure}(Object(Illuminate\Http\Request))
#18 D:\Webentwickler\webspace\htdocs\mm-programming\vendor\laravel\framework\src\Illuminate\View\Middleware\ShareErrorsFromSession.php(49): Illuminate\Routing\Pipeline->Illuminate\Routing\{closure}(Object(Illuminate\Http\Request))
#19 D:\Webentwickler\webspace\htdocs\mm-programming\vendor\laravel\framework\src\Illuminate\Pipeline\Pipeline.php(149): Illuminate\View\Middleware\ShareErrorsFromSession->handle(Object(Illuminate\Http\Request), Object(Closure))
#20 D:\Webentwickler\webspace\htdocs\mm-programming\vendor\laravel\framework\src\Illuminate\Routing\Pipeline.php(53): Illuminate\Pipeline\Pipeline->Illuminate\Pipeline\{closure}(Object(Illuminate\Http\Request))
#21 D:\Webentwickler\webspace\htdocs\mm-programming\vendor\laravel\framework\src\Illuminate\Session\Middleware\StartSession.php(63): Illuminate\Routing\Pipeline->Illuminate\Routing\{closure}(Object(Illuminate\Http\Request))
#22 D:\Webentwickler\webspace\htdocs\mm-programming\vendor\laravel\framework\src\Illuminate\Pipeline\Pipeline.php(149): Illuminate\Session\Middleware\StartSession->handle(Object(Illuminate\Http\Request), Object(Closure))
#23 D:\Webentwickler\webspace\htdocs\mm-programming\vendor\laravel\framework\src\Illuminate\Routing\Pipeline.php(53): Illuminate\Pipeline\Pipeline->Illuminate\Pipeline\{closure}(Object(Illuminate\Http\Request))
#24 D:\Webentwickler\webspace\htdocs\mm-programming\vendor\laravel\framework\src\Illuminate\Cookie\Middleware\AddQueuedCookiesToResponse.php(37): Illuminate\Routing\Pipeline->Illuminate\Routing\{closure}(Object(Illuminate\Http\Request))
#25 D:\Webentwickler\webspace\htdocs\mm-programming\vendor\laravel\framework\src\Illuminate\Pipeline\Pipeline.php(149): Illuminate\Cookie\Middleware\AddQueuedCookiesToResponse->handle(Object(Illuminate\Http\Request), Object(Closure))
#26 D:\Webentwickler\webspace\htdocs\mm-programming\vendor\laravel\framework\src\Illuminate\Routing\Pipeline.php(53): Illuminate\Pipeline\Pipeline->Illuminate\Pipeline\{closure}(Object(Illuminate\Http\Request))
#27 D:\Webentwickler\webspace\htdocs\mm-programming\vendor\laravel\framework\src\Illuminate\Cookie\Middleware\EncryptCookies.php(59): Illuminate\Routing\Pipeline->Illuminate\Routing\{closure}(Object(Illuminate\Http\Request))
#28 D:\Webentwickler\webspace\htdocs\mm-programming\vendor\laravel\framework\src\Illuminate\Pipeline\Pipeline.php(149): Illuminate\Cookie\Middleware\EncryptCookies->handle(Object(Illuminate\Http\Request), Object(Closure))
#29 D:\Webentwickler\webspace\htdocs\mm-programming\vendor\laravel\framework\src\Illuminate\Routing\Pipeline.php(53): Illuminate\Pipeline\Pipeline->Illuminate\Pipeline\{closure}(Object(Illuminate\Http\Request))
#30 D:\Webentwickler\webspace\htdocs\mm-programming\vendor\laravel\framework\src\Illuminate\Pipeline\Pipeline.php(102): Illuminate\Routing\Pipeline->Illuminate\Routing\{closure}(Object(Illuminate\Http\Request))
#31 D:\Webentwickler\webspace\htdocs\mm-programming\vendor\laravel\framework\src\Illuminate\Routing\Router.php(660): Illuminate\Pipeline\Pipeline->then(Object(Closure))
#32 D:\Webentwickler\webspace\htdocs\mm-programming\vendor\laravel\framework\src\Illuminate\Routing\Router.php(635): Illuminate\Routing\Router->runRouteWithinStack(Object(Illuminate\Routing\Route), Object(Illuminate\Http\Request))
#33 D:\Webentwickler\webspace\htdocs\mm-programming\vendor\laravel\framework\src\Illuminate\Routing\Router.php(601): Illuminate\Routing\Router->runRoute(Object(Illuminate\Http\Request), Object(Illuminate\Routing\Route))
#34 D:\Webentwickler\webspace\htdocs\mm-programming\vendor\october\rain\src\Router\CoreRouter.php(20): Illuminate\Routing\Router->dispatchToRoute(Object(Illuminate\Http\Request))
#35 D:\Webentwickler\webspace\htdocs\mm-programming\vendor\laravel\framework\src\Illuminate\Foundation\Http\Kernel.php(176): October\Rain\Router\CoreRouter->dispatch(Object(Illuminate\Http\Request))
#36 D:\Webentwickler\webspace\htdocs\mm-programming\vendor\laravel\framework\src\Illuminate\Routing\Pipeline.php(30): Illuminate\Foundation\Http\Kernel->Illuminate\Foundation\Http\{closure}(Object(Illuminate\Http\Request))
#37 D:\Webentwickler\webspace\htdocs\mm-programming\vendor\laravel\framework\src\Illuminate\Foundation\Http\Middleware\CheckForMaintenanceMode.php(46): Illuminate\Routing\Pipeline->Illuminate\Routing\{closure}(Object(Illuminate\Http\Request))
#38 D:\Webentwickler\webspace\htdocs\mm-programming\vendor\laravel\framework\src\Illuminate\Pipeline\Pipeline.php(149): Illuminate\Foundation\Http\Middleware\CheckForMaintenanceMode->handle(Object(Illuminate\Http\Request), Object(Closure))
#39 D:\Webentwickler\webspace\htdocs\mm-programming\vendor\laravel\framework\src\Illuminate\Routing\Pipeline.php(53): Illuminate\Pipeline\Pipeline->Illuminate\Pipeline\{closure}(Object(Illuminate\Http\Request))
#40 D:\Webentwickler\webspace\htdocs\mm-programming\vendor\laravel\framework\src\Illuminate\Pipeline\Pipeline.php(102): Illuminate\Routing\Pipeline->Illuminate\Routing\{closure}(Object(Illuminate\Http\Request))
#41 D:\Webentwickler\webspace\htdocs\mm-programming\vendor\laravel\framework\src\Illuminate\Foundation\Http\Kernel.php(151): Illuminate\Pipeline\Pipeline->then(Object(Closure))
#42 D:\Webentwickler\webspace\htdocs\mm-programming\vendor\laravel\framework\src\Illuminate\Foundation\Http\Kernel.php(116): Illuminate\Foundation\Http\Kernel->sendRequestThroughRouter(Object(Illuminate\Http\Request))
#43 D:\Webentwickler\webspace\htdocs\mm-programming\index.php(43): Illuminate\Foundation\Http\Kernel->handle(Object(Illuminate\Http\Request))
#44 {main}

Next Twig_Error_Runtime: An exception has been thrown during the rendering of a template ("The content file 'DokumentationsTool.htm' is not found.") in "D:\Webentwickler\webspace\htdocs\mm-programming/themes/mm-programming/pages/produkte.htm" at line 12. in D:\Webentwickler\webspace\htdocs\mm-programming\vendor\twig\twig\lib\Twig\Template.php:404
Stack trace:
#0 D:\Webentwickler\webspace\htdocs\mm-programming\vendor\twig\twig\lib\Twig\Template.php(366): Twig_Template->displayWithErrorHandling(Array, Array)
#1 D:\Webentwickler\webspace\htdocs\mm-programming\vendor\twig\twig\lib\Twig\Template.php(374): Twig_Template->display(Array)
#2 D:\Webentwickler\webspace\htdocs\mm-programming\modules\cms\classes\Controller.php(367): Twig_Template->render(Array)
#3 D:\Webentwickler\webspace\htdocs\mm-programming\modules\cms\classes\Controller.php(213): Cms\Classes\Controller->runPage(Object(Cms\Classes\Page))
#4 D:\Webentwickler\webspace\htdocs\mm-programming\modules\cms\classes\CmsController.php(50): Cms\Classes\Controller->run('produkte')
#5 [internal function]: Cms\Classes\CmsController->run('produkte')
#6 D:\Webentwickler\webspace\htdocs\mm-programming\vendor\laravel\framework\src\Illuminate\Routing\Controller.php(54): call_user_func_array(Array, Array)
#7 D:\Webentwickler\webspace\htdocs\mm-programming\vendor\laravel\framework\src\Illuminate\Routing\ControllerDispatcher.php(45): Illuminate\Routing\Controller->callAction('run', Array)
#8 D:\Webentwickler\webspace\htdocs\mm-programming\vendor\laravel\framework\src\Illuminate\Routing\Route.php(212): Illuminate\Routing\ControllerDispatcher->dispatch(Object(Illuminate\Routing\Route), Object(Cms\Classes\CmsController), 'run')
#9 D:\Webentwickler\webspace\htdocs\mm-programming\vendor\laravel\framework\src\Illuminate\Routing\Route.php(169): Illuminate\Routing\Route->runController()
#10 D:\Webentwickler\webspace\htdocs\mm-programming\vendor\laravel\framework\src\Illuminate\Routing\Router.php(658): Illuminate\Routing\Route->run()
#11 D:\Webentwickler\webspace\htdocs\mm-programming\vendor\laravel\framework\src\Illuminate\Routing\Pipeline.php(30): Illuminate\Routing\Router->Illuminate\Routing\{closure}(Object(Illuminate\Http\Request))
#12 D:\Webentwickler\webspace\htdocs\mm-programming\vendor\laravel\framework\src\Illuminate\Routing\Middleware\SubstituteBindings.php(41): Illuminate\Routing\Pipeline->Illuminate\Routing\{closure}(Object(Illuminate\Http\Request))
#13 D:\Webentwickler\webspace\htdocs\mm-programming\vendor\laravel\framework\src\Illuminate\Pipeline\Pipeline.php(149): Illuminate\Routing\Middleware\SubstituteBindings->handle(Object(Illuminate\Http\Request), Object(Closure))
#14 D:\Webentwickler\webspace\htdocs\mm-programming\vendor\laravel\framework\src\Illuminate\Routing\Pipeline.php(53): Illuminate\Pipeline\Pipeline->Illuminate\Pipeline\{closure}(Object(Illuminate\Http\Request))
#15 D:\Webentwickler\webspace\htdocs\mm-programming\vendor\laravel\framework\src\Illuminate\View\Middleware\ShareErrorsFromSession.php(49): Illuminate\Routing\Pipeline->Illuminate\Routing\{closure}(Object(Illuminate\Http\Request))
#16 D:\Webentwickler\webspace\htdocs\mm-programming\vendor\laravel\framework\src\Illuminate\Pipeline\Pipeline.php(149): Illuminate\View\Middleware\ShareErrorsFromSession->handle(Object(Illuminate\Http\Request), Object(Closure))
#17 D:\Webentwickler\webspace\htdocs\mm-programming\vendor\laravel\framework\src\Illuminate\Routing\Pipeline.php(53): Illuminate\Pipeline\Pipeline->Illuminate\Pipeline\{closure}(Object(Illuminate\Http\Request))
#18 D:\Webentwickler\webspace\htdocs\mm-programming\vendor\laravel\framework\src\Illuminate\Session\Middleware\StartSession.php(63): Illuminate\Routing\Pipeline->Illuminate\Routing\{closure}(Object(Illuminate\Http\Request))
#19 D:\Webentwickler\webspace\htdocs\mm-programming\vendor\laravel\framework\src\Illuminate\Pipeline\Pipeline.php(149): Illuminate\Session\Middleware\StartSession->handle(Object(Illuminate\Http\Request), Object(Closure))
#20 D:\Webentwickler\webspace\htdocs\mm-programming\vendor\laravel\framework\src\Illuminate\Routing\Pipeline.php(53): Illuminate\Pipeline\Pipeline->Illuminate\Pipeline\{closure}(Object(Illuminate\Http\Request))
#21 D:\Webentwickler\webspace\htdocs\mm-programming\vendor\laravel\framework\src\Illuminate\Cookie\Middleware\AddQueuedCookiesToResponse.php(37): Illuminate\Routing\Pipeline->Illuminate\Routing\{closure}(Object(Illuminate\Http\Request))
#22 D:\Webentwickler\webspace\htdocs\mm-programming\vendor\laravel\framework\src\Illuminate\Pipeline\Pipeline.php(149): Illuminate\Cookie\Middleware\AddQueuedCookiesToResponse->handle(Object(Illuminate\Http\Request), Object(Closure))
#23 D:\Webentwickler\webspace\htdocs\mm-programming\vendor\laravel\framework\src\Illuminate\Routing\Pipeline.php(53): Illuminate\Pipeline\Pipeline->Illuminate\Pipeline\{closure}(Object(Illuminate\Http\Request))
#24 D:\Webentwickler\webspace\htdocs\mm-programming\vendor\laravel\framework\src\Illuminate\Cookie\Middleware\EncryptCookies.php(59): Illuminate\Routing\Pipeline->Illuminate\Routing\{closure}(Object(Illuminate\Http\Request))
#25 D:\Webentwickler\webspace\htdocs\mm-programming\vendor\laravel\framework\src\Illuminate\Pipeline\Pipeline.php(149): Illuminate\Cookie\Middleware\EncryptCookies->handle(Object(Illuminate\Http\Request), Object(Closure))
#26 D:\Webentwickler\webspace\htdocs\mm-programming\vendor\laravel\framework\src\Illuminate\Routing\Pipeline.php(53): Illuminate\Pipeline\Pipeline->Illuminate\Pipeline\{closure}(Object(Illuminate\Http\Request))
#27 D:\Webentwickler\webspace\htdocs\mm-programming\vendor\laravel\framework\src\Illuminate\Pipeline\Pipeline.php(102): Illuminate\Routing\Pipeline->Illuminate\Routing\{closure}(Object(Illuminate\Http\Request))
#28 D:\Webentwickler\webspace\htdocs\mm-programming\vendor\laravel\framework\src\Illuminate\Routing\Router.php(660): Illuminate\Pipeline\Pipeline->then(Object(Closure))
#29 D:\Webentwickler\webspace\htdocs\mm-programming\vendor\laravel\framework\src\Illuminate\Routing\Router.php(635): Illuminate\Routing\Router->runRouteWithinStack(Object(Illuminate\Routing\Route), Object(Illuminate\Http\Request))
#30 D:\Webentwickler\webspace\htdocs\mm-programming\vendor\laravel\framework\src\Illuminate\Routing\Router.php(601): Illuminate\Routing\Router->runRoute(Object(Illuminate\Http\Request), Object(Illuminate\Routing\Route))
#31 D:\Webentwickler\webspace\htdocs\mm-programming\vendor\october\rain\src\Router\CoreRouter.php(20): Illuminate\Routing\Router->dispatchToRoute(Object(Illuminate\Http\Request))
#32 D:\Webentwickler\webspace\htdocs\mm-programming\vendor\laravel\framework\src\Illuminate\Foundation\Http\Kernel.php(176): October\Rain\Router\CoreRouter->dispatch(Object(Illuminate\Http\Request))
#33 D:\Webentwickler\webspace\htdocs\mm-programming\vendor\laravel\framework\src\Illuminate\Routing\Pipeline.php(30): Illuminate\Foundation\Http\Kernel->Illuminate\Foundation\Http\{closure}(Object(Illuminate\Http\Request))
#34 D:\Webentwickler\webspace\htdocs\mm-programming\vendor\laravel\framework\src\Illuminate\Foundation\Http\Middleware\CheckForMaintenanceMode.php(46): Illuminate\Routing\Pipeline->Illuminate\Routing\{closure}(Object(Illuminate\Http\Request))
#35 D:\Webentwickler\webspace\htdocs\mm-programming\vendor\laravel\framework\src\Illuminate\Pipeline\Pipeline.php(149): Illuminate\Foundation\Http\Middleware\CheckForMaintenanceMode->handle(Object(Illuminate\Http\Request), Object(Closure))
#36 D:\Webentwickler\webspace\htdocs\mm-programming\vendor\laravel\framework\src\Illuminate\Routing\Pipeline.php(53): Illuminate\Pipeline\Pipeline->Illuminate\Pipeline\{closure}(Object(Illuminate\Http\Request))
#37 D:\Webentwickler\webspace\htdocs\mm-programming\vendor\laravel\framework\src\Illuminate\Pipeline\Pipeline.php(102): Illuminate\Routing\Pipeline->Illuminate\Routing\{closure}(Object(Illuminate\Http\Request))
#38 D:\Webentwickler\webspace\htdocs\mm-programming\vendor\laravel\framework\src\Illuminate\Foundation\Http\Kernel.php(151): Illuminate\Pipeline\Pipeline->then(Object(Closure))
#39 D:\Webentwickler\webspace\htdocs\mm-programming\vendor\laravel\framework\src\Illuminate\Foundation\Http\Kernel.php(116): Illuminate\Foundation\Http\Kernel->sendRequestThroughRouter(Object(Illuminate\Http\Request))
#40 D:\Webentwickler\webspace\htdocs\mm-programming\index.php(43): Illuminate\Foundation\Http\Kernel->handle(Object(Illuminate\Http\Request))
#41 {main}  
[2018-01-18 09:54:19] dev.ERROR: October\Rain\Exception\SystemException: The details key column should be set to generate links to the details page. in D:\Webentwickler\webspace\htdocs\mm-programming\plugins\rainlab\builder\components\RecordList.php:251
Stack trace:
#0 D:\Webentwickler\webspace\htdocs\mm-programming\plugins\rainlab\builder\components\RecordList.php(224): RainLab\Builder\Components\RecordList->prepareVars()
#1 D:\Webentwickler\webspace\htdocs\mm-programming\modules\cms\classes\CmsCompoundObject.php(172): RainLab\Builder\Components\RecordList->onRun()
#2 D:\Webentwickler\webspace\htdocs\mm-programming\modules\cms\classes\Controller.php(429): Cms\Classes\CmsCompoundObject->runComponents()
#3 D:\Webentwickler\webspace\htdocs\mm-programming\modules\cms\classes\Controller.php(350): Cms\Classes\Controller->execPageCycle()
#4 D:\Webentwickler\webspace\htdocs\mm-programming\modules\cms\classes\Controller.php(213): Cms\Classes\Controller->runPage(Object(Cms\Classes\Page))
#5 D:\Webentwickler\webspace\htdocs\mm-programming\modules\cms\classes\CmsController.php(50): Cms\Classes\Controller->run('sql-blog')
#6 [internal function]: Cms\Classes\CmsController->run('sql-blog')
#7 D:\Webentwickler\webspace\htdocs\mm-programming\vendor\laravel\framework\src\Illuminate\Routing\Controller.php(54): call_user_func_array(Array, Array)
#8 D:\Webentwickler\webspace\htdocs\mm-programming\vendor\laravel\framework\src\Illuminate\Routing\ControllerDispatcher.php(45): Illuminate\Routing\Controller->callAction('run', Array)
#9 D:\Webentwickler\webspace\htdocs\mm-programming\vendor\laravel\framework\src\Illuminate\Routing\Route.php(212): Illuminate\Routing\ControllerDispatcher->dispatch(Object(Illuminate\Routing\Route), Object(Cms\Classes\CmsController), 'run')
#10 D:\Webentwickler\webspace\htdocs\mm-programming\vendor\laravel\framework\src\Illuminate\Routing\Route.php(169): Illuminate\Routing\Route->runController()
#11 D:\Webentwickler\webspace\htdocs\mm-programming\vendor\laravel\framework\src\Illuminate\Routing\Router.php(658): Illuminate\Routing\Route->run()
#12 D:\Webentwickler\webspace\htdocs\mm-programming\vendor\laravel\framework\src\Illuminate\Routing\Pipeline.php(30): Illuminate\Routing\Router->Illuminate\Routing\{closure}(Object(Illuminate\Http\Request))
#13 D:\Webentwickler\webspace\htdocs\mm-programming\vendor\laravel\framework\src\Illuminate\Routing\Middleware\SubstituteBindings.php(41): Illuminate\Routing\Pipeline->Illuminate\Routing\{closure}(Object(Illuminate\Http\Request))
#14 D:\Webentwickler\webspace\htdocs\mm-programming\vendor\laravel\framework\src\Illuminate\Pipeline\Pipeline.php(149): Illuminate\Routing\Middleware\SubstituteBindings->handle(Object(Illuminate\Http\Request), Object(Closure))
#15 D:\Webentwickler\webspace\htdocs\mm-programming\vendor\laravel\framework\src\Illuminate\Routing\Pipeline.php(53): Illuminate\Pipeline\Pipeline->Illuminate\Pipeline\{closure}(Object(Illuminate\Http\Request))
#16 D:\Webentwickler\webspace\htdocs\mm-programming\vendor\laravel\framework\src\Illuminate\View\Middleware\ShareErrorsFromSession.php(49): Illuminate\Routing\Pipeline->Illuminate\Routing\{closure}(Object(Illuminate\Http\Request))
#17 D:\Webentwickler\webspace\htdocs\mm-programming\vendor\laravel\framework\src\Illuminate\Pipeline\Pipeline.php(149): Illuminate\View\Middleware\ShareErrorsFromSession->handle(Object(Illuminate\Http\Request), Object(Closure))
#18 D:\Webentwickler\webspace\htdocs\mm-programming\vendor\laravel\framework\src\Illuminate\Routing\Pipeline.php(53): Illuminate\Pipeline\Pipeline->Illuminate\Pipeline\{closure}(Object(Illuminate\Http\Request))
#19 D:\Webentwickler\webspace\htdocs\mm-programming\vendor\laravel\framework\src\Illuminate\Session\Middleware\StartSession.php(63): Illuminate\Routing\Pipeline->Illuminate\Routing\{closure}(Object(Illuminate\Http\Request))
#20 D:\Webentwickler\webspace\htdocs\mm-programming\vendor\laravel\framework\src\Illuminate\Pipeline\Pipeline.php(149): Illuminate\Session\Middleware\StartSession->handle(Object(Illuminate\Http\Request), Object(Closure))
#21 D:\Webentwickler\webspace\htdocs\mm-programming\vendor\laravel\framework\src\Illuminate\Routing\Pipeline.php(53): Illuminate\Pipeline\Pipeline->Illuminate\Pipeline\{closure}(Object(Illuminate\Http\Request))
#22 D:\Webentwickler\webspace\htdocs\mm-programming\vendor\laravel\framework\src\Illuminate\Cookie\Middleware\AddQueuedCookiesToResponse.php(37): Illuminate\Routing\Pipeline->Illuminate\Routing\{closure}(Object(Illuminate\Http\Request))
#23 D:\Webentwickler\webspace\htdocs\mm-programming\vendor\laravel\framework\src\Illuminate\Pipeline\Pipeline.php(149): Illuminate\Cookie\Middleware\AddQueuedCookiesToResponse->handle(Object(Illuminate\Http\Request), Object(Closure))
#24 D:\Webentwickler\webspace\htdocs\mm-programming\vendor\laravel\framework\src\Illuminate\Routing\Pipeline.php(53): Illuminate\Pipeline\Pipeline->Illuminate\Pipeline\{closure}(Object(Illuminate\Http\Request))
#25 D:\Webentwickler\webspace\htdocs\mm-programming\vendor\laravel\framework\src\Illuminate\Cookie\Middleware\EncryptCookies.php(59): Illuminate\Routing\Pipeline->Illuminate\Routing\{closure}(Object(Illuminate\Http\Request))
#26 D:\Webentwickler\webspace\htdocs\mm-programming\vendor\laravel\framework\src\Illuminate\Pipeline\Pipeline.php(149): Illuminate\Cookie\Middleware\EncryptCookies->handle(Object(Illuminate\Http\Request), Object(Closure))
#27 D:\Webentwickler\webspace\htdocs\mm-programming\vendor\laravel\framework\src\Illuminate\Routing\Pipeline.php(53): Illuminate\Pipeline\Pipeline->Illuminate\Pipeline\{closure}(Object(Illuminate\Http\Request))
#28 D:\Webentwickler\webspace\htdocs\mm-programming\vendor\laravel\framework\src\Illuminate\Pipeline\Pipeline.php(102): Illuminate\Routing\Pipeline->Illuminate\Routing\{closure}(Object(Illuminate\Http\Request))
#29 D:\Webentwickler\webspace\htdocs\mm-programming\vendor\laravel\framework\src\Illuminate\Routing\Router.php(660): Illuminate\Pipeline\Pipeline->then(Object(Closure))
#30 D:\Webentwickler\webspace\htdocs\mm-programming\vendor\laravel\framework\src\Illuminate\Routing\Router.php(635): Illuminate\Routing\Router->runRouteWithinStack(Object(Illuminate\Routing\Route), Object(Illuminate\Http\Request))
#31 D:\Webentwickler\webspace\htdocs\mm-programming\vendor\laravel\framework\src\Illuminate\Routing\Router.php(601): Illuminate\Routing\Router->runRoute(Object(Illuminate\Http\Request), Object(Illuminate\Routing\Route))
#32 D:\Webentwickler\webspace\htdocs\mm-programming\vendor\october\rain\src\Router\CoreRouter.php(20): Illuminate\Routing\Router->dispatchToRoute(Object(Illuminate\Http\Request))
#33 D:\Webentwickler\webspace\htdocs\mm-programming\vendor\laravel\framework\src\Illuminate\Foundation\Http\Kernel.php(176): October\Rain\Router\CoreRouter->dispatch(Object(Illuminate\Http\Request))
#34 D:\Webentwickler\webspace\htdocs\mm-programming\vendor\laravel\framework\src\Illuminate\Routing\Pipeline.php(30): Illuminate\Foundation\Http\Kernel->Illuminate\Foundation\Http\{closure}(Object(Illuminate\Http\Request))
#35 D:\Webentwickler\webspace\htdocs\mm-programming\vendor\laravel\framework\src\Illuminate\Foundation\Http\Middleware\CheckForMaintenanceMode.php(46): Illuminate\Routing\Pipeline->Illuminate\Routing\{closure}(Object(Illuminate\Http\Request))
#36 D:\Webentwickler\webspace\htdocs\mm-programming\vendor\laravel\framework\src\Illuminate\Pipeline\Pipeline.php(149): Illuminate\Foundation\Http\Middleware\CheckForMaintenanceMode->handle(Object(Illuminate\Http\Request), Object(Closure))
#37 D:\Webentwickler\webspace\htdocs\mm-programming\vendor\laravel\framework\src\Illuminate\Routing\Pipeline.php(53): Illuminate\Pipeline\Pipeline->Illuminate\Pipeline\{closure}(Object(Illuminate\Http\Request))
#38 D:\Webentwickler\webspace\htdocs\mm-programming\vendor\laravel\framework\src\Illuminate\Pipeline\Pipeline.php(102): Illuminate\Routing\Pipeline->Illuminate\Routing\{closure}(Object(Illuminate\Http\Request))
#39 D:\Webentwickler\webspace\htdocs\mm-programming\vendor\laravel\framework\src\Illuminate\Foundation\Http\Kernel.php(151): Illuminate\Pipeline\Pipeline->then(Object(Closure))
#40 D:\Webentwickler\webspace\htdocs\mm-programming\vendor\laravel\framework\src\Illuminate\Foundation\Http\Kernel.php(116): Illuminate\Foundation\Http\Kernel->sendRequestThroughRouter(Object(Illuminate\Http\Request))
#41 D:\Webentwickler\webspace\htdocs\mm-programming\index.php(43): Illuminate\Foundation\Http\Kernel->handle(Object(Illuminate\Http\Request))
#42 {main}  
