.====================================================================.
                                                                      
 .d8888b.   .o8888b.   db  .d8888b.  d8888b. d88888b d8888b.  .d888b. 
.8P    Y8. d8P    Y8   88 .8P    Y8. 88  `8D 88'     88  `8D .8P , Y8.
88      88 8P      oooo88 88      88 88oooY' 88oooo  88oobY' 88  |  88
88      88 8b      ~~~~88 88      88 88~~~b. 88~~~~  88`8b   88  |/ 88
`8b    d8' Y8b    d8   88 `8b    d8' 88   8D 88.     88 `88. `8b | d8'
 `Y8888P'   `Y8888P'   YP  `Y8888P'  Y8888P' Y88888P 88   YD  `Y888P' 
                                                                      
`========================== INSTALLATION LOG ========================'

[2018/01/16 08:47:01] Host: Windows NT LTMMAYER1 10.0 build 16299 (Windows 10) i586
[2018/01/16 08:47:01] PHP version: 7.1.9
[2018/01/16 08:47:01] Server software: Apache/2.4.27 (Win32) OpenSSL/1.0.2l PHP/7.1.9
[2018/01/16 08:47:01] Operating system: WINNT
[2018/01/16 08:47:01] Memory limit: 128M
[2018/01/16 08:47:01] Max execution time: 3600
.============================ POST REQUEST ==========================.
[2018/01/16 08:47:01] Postback payload: Array
(
    [code] => phpVersion
    [handler] => onCheckRequirement
)

[2018/01/16 08:47:01] System check: phpVersion
[2018/01/16 08:47:01] Requirement phpVersion +OK
[2018/01/16 08:47:01] Execute handler (onCheckRequirement): Array
(
    [result] => 1
)

.============================ POST REQUEST ==========================.
[2018/01/16 08:47:02] Postback payload: Array
(
    [code] => curlLibrary
    [handler] => onCheckRequirement
)

[2018/01/16 08:47:02] System check: curlLibrary
[2018/01/16 08:47:02] Requirement curlLibrary +OK
[2018/01/16 08:47:02] Execute handler (onCheckRequirement): Array
(
    [result] => 1
)

.============================ POST REQUEST ==========================.
[2018/01/16 08:47:02] Postback payload: Array
(
    [code] => liveConnection
    [handler] => onCheckRequirement
)

[2018/01/16 08:47:02] System check: liveConnection
[2018/01/16 08:47:03] Server request: ping
[2018/01/16 08:47:03] Request information: Array
(
    [url] => http://octobercms.com/api/ping
    [content_type] => application/json
    [http_code] => 200
    [header_size] => 331
    [request_size] => 181
    [filetime] => -1
    [ssl_verify_result] => 0
    [redirect_count] => 0
    [total_time] => 0.375
    [namelookup_time] => 0.031
    [connect_time] => 0.031
    [pretransfer_time] => 0.031
    [size_upload] => 50
    [size_download] => 12
    [speed_download] => 12
    [speed_upload] => 50
    [download_content_length] => 12
    [upload_content_length] => 50
    [starttransfer_time] => 0.375
    [redirect_time] => 0
    [redirect_url] => 
    [primary_ip] => 104.24.112.12
    [certinfo] => Array
        (
        )

    [primary_port] => 80
    [local_ip] => 10.221.10.188
    [local_port] => 50317
)

[2018/01/16 08:47:03] Requirement liveConnection +OK
[2018/01/16 08:47:03] Execute handler (onCheckRequirement): Array
(
    [result] => 1
)

.============================ POST REQUEST ==========================.
[2018/01/16 08:47:03] Postback payload: Array
(
    [code] => writePermission
    [handler] => onCheckRequirement
)

[2018/01/16 08:47:03] System check: writePermission
[2018/01/16 08:47:03] Requirement writePermission +OK
[2018/01/16 08:47:03] Execute handler (onCheckRequirement): Array
(
    [result] => 1
)

.============================ POST REQUEST ==========================.
[2018/01/16 08:47:04] Postback payload: Array
(
    [code] => pdoLibrary
    [handler] => onCheckRequirement
)

[2018/01/16 08:47:04] System check: pdoLibrary
[2018/01/16 08:47:04] Requirement pdoLibrary +OK
[2018/01/16 08:47:04] Execute handler (onCheckRequirement): Array
(
    [result] => 1
)

.============================ POST REQUEST ==========================.
[2018/01/16 08:47:04] Postback payload: Array
(
    [code] => mbstringLibrary
    [handler] => onCheckRequirement
)

[2018/01/16 08:47:04] System check: mbstringLibrary
[2018/01/16 08:47:04] Requirement mbstringLibrary +OK
[2018/01/16 08:47:04] Execute handler (onCheckRequirement): Array
(
    [result] => 1
)

.============================ POST REQUEST ==========================.
[2018/01/16 08:47:05] Postback payload: Array
(
    [code] => fileinfoLibrary
    [handler] => onCheckRequirement
)

[2018/01/16 08:47:05] System check: fileinfoLibrary
[2018/01/16 08:47:05] Requirement fileinfoLibrary +OK
[2018/01/16 08:47:05] Execute handler (onCheckRequirement): Array
(
    [result] => 1
)

.============================ POST REQUEST ==========================.
[2018/01/16 08:47:06] Postback payload: Array
(
    [code] => sslLibrary
    [handler] => onCheckRequirement
)

[2018/01/16 08:47:06] System check: sslLibrary
[2018/01/16 08:47:06] Requirement sslLibrary +OK
[2018/01/16 08:47:06] Execute handler (onCheckRequirement): Array
(
    [result] => 1
)

.============================ POST REQUEST ==========================.
[2018/01/16 08:47:06] Postback payload: Array
(
    [code] => zipLibrary
    [handler] => onCheckRequirement
)

[2018/01/16 08:47:06] System check: zipLibrary
[2018/01/16 08:47:06] Requirement zipLibrary +OK
[2018/01/16 08:47:06] Execute handler (onCheckRequirement): Array
(
    [result] => 1
)

.============================ POST REQUEST ==========================.
[2018/01/16 08:47:07] Postback payload: Array
(
    [code] => gdLibrary
    [handler] => onCheckRequirement
)

[2018/01/16 08:47:07] System check: gdLibrary
[2018/01/16 08:47:07] Requirement gdLibrary +OK
[2018/01/16 08:47:07] Execute handler (onCheckRequirement): Array
(
    [result] => 1
)

.============================ POST REQUEST ==========================.
[2018/01/16 08:49:49] Postback payload: Array
(
    [db_type] => mysql
    [db_host] => localhost
    [db_port] => 
    [db_name] => mm-programming
    [db_user] => marc
    [db_pass] => *******
    [admin_first_name] => Admin
    [admin_last_name] => Person
    [admin_email] => *******@*****.com
    [admin_login] => admin
    [admin_password] => *******
    [admin_confirm_password] => *******
    [backend_uri] => /backend
    [encryption_code] => *******
    [file_mask] => 777
    [folder_mask] => 777
    [handler] => onValidateDatabase
)

.============================ POST REQUEST ==========================.
[2018/01/16 08:49:49] Postback payload: Array
(
    [db_type] => mysql
    [db_host] => localhost
    [db_port] => 
    [db_name] => mm-programming
    [db_user] => marc
    [db_pass] => *******
    [admin_first_name] => Admin
    [admin_last_name] => Person
    [admin_email] => *******@*****.com
    [admin_login] => admin
    [admin_password] => *******
    [admin_confirm_password] => *******
    [backend_uri] => /backend
    [encryption_code] => *******
    [file_mask] => 777
    [folder_mask] => 777
    [handler] => onValidateAdminAccount
)

[2018/01/16 08:49:49] Handler error (onValidateAdminAccount): Please specify password
[2018/01/16 08:49:49] Trace log:
#0 D:\Webentwickler\webspace\htdocs\mm-programming\install_files\php\Installer.php(48): Installer->onValidateAdminAccount()
#1 D:\Webentwickler\webspace\htdocs\mm-programming\install_files\php\boot.php(74): Installer->__construct()
#2 D:\Webentwickler\webspace\htdocs\mm-programming\install.php(1): include('D:\\Webentwickle...')
#3 {main}
.============================ POST REQUEST ==========================.
[2018/01/16 08:50:21] Postback payload: Array
(
    [db_type] => mysql
    [db_host] => localhost
    [db_port] => 
    [db_name] => mm-programming
    [db_user] => marc
    [db_pass] => *******
    [admin_first_name] => Marc
    [admin_last_name] => Mayer
    [admin_email] => *******@*****.com
    [admin_login] => marc
    [admin_password] => *******
    [admin_confirm_password] => *******
    [backend_uri] => /backend
    [encryption_code] => *******
    [file_mask] => 777
    [folder_mask] => 777
    [handler] => onValidateDatabase
)

.============================ POST REQUEST ==========================.
[2018/01/16 08:50:21] Postback payload: Array
(
    [db_type] => mysql
    [db_host] => localhost
    [db_port] => 
    [db_name] => mm-programming
    [db_user] => marc
    [db_pass] => *******
    [admin_first_name] => Marc
    [admin_last_name] => Mayer
    [admin_email] => *******@*****.com
    [admin_login] => marc
    [admin_password] => *******
    [admin_confirm_password] => *******
    [backend_uri] => /backend
    [encryption_code] => *******
    [file_mask] => 777
    [folder_mask] => 777
    [handler] => onValidateAdminAccount
)

.============================ POST REQUEST ==========================.
[2018/01/16 08:50:21] Postback payload: Array
(
    [db_type] => mysql
    [db_host] => localhost
    [db_port] => 
    [db_name] => mm-programming
    [db_user] => marc
    [db_pass] => *******
    [admin_first_name] => Marc
    [admin_last_name] => Mayer
    [admin_email] => *******@*****.com
    [admin_login] => marc
    [admin_password] => *******
    [admin_confirm_password] => *******
    [backend_uri] => /backend
    [encryption_code] => *******
    [file_mask] => 777
    [folder_mask] => 777
    [handler] => onValidateAdvancedConfig
)

.============================ POST REQUEST ==========================.
[2018/01/16 08:50:25] Postback payload: Array
(
    [step] => getMetaData
    [meta] => 
    [handler] => onInstallStep
)

[2018/01/16 08:50:25] Install step: getMetaData
[2018/01/16 08:50:25] Server request: core/install
[2018/01/16 08:50:25] Request information: Array
(
    [url] => http://octobercms.com/api/core/install
    [content_type] => application/json
    [http_code] => 200
    [header_size] => 332
    [request_size] => 189
    [filetime] => -1
    [ssl_verify_result] => 0
    [redirect_count] => 0
    [total_time] => 4295.421296
    [namelookup_time] => 0.016
    [connect_time] => 0.016
    [pretransfer_time] => 0.016
    [size_upload] => 50
    [size_download] => 132
    [speed_download] => 0
    [speed_upload] => 0
    [download_content_length] => 132
    [upload_content_length] => 50
    [starttransfer_time] => 4295.421296
    [redirect_time] => 0
    [redirect_url] => 
    [primary_ip] => 104.24.112.12
    [certinfo] => Array
        (
        )

    [primary_port] => 80
    [local_ip] => 10.221.10.188
    [local_port] => 50417
)

[2018/01/16 08:50:25] Step getMetaData +OK
[2018/01/16 08:50:25] Execute handler (onInstallStep): Array
(
    [result] => Array
        (
            [core] => Array
                (
                    [hash] => 9f9b34bc59c88c85574bf568ddcc9996
                    [build] => 431
                    [uhash] => e9b455a75a51da6b52356fc768553e9c
                )

            [plugins] => Array
                (
                )

            [themes] => Array
                (
                )

        )

)

.============================ POST REQUEST ==========================.
[2018/01/16 08:50:26] Postback payload: Array
(
    [step] => downloadCore
    [meta] => Array
        (
            [core] => Array
                (
                    [hash] => 9f9b34bc59c88c85574bf568ddcc9996
                    [build] => 431
                    [uhash] => e9b455a75a51da6b52356fc768553e9c
                )

        )

    [handler] => onInstallStep
)

[2018/01/16 08:50:26] Install step: downloadCore
[2018/01/16 08:50:29] Saving to file (core): D:/Webentwickler/webspace/htdocs/mm-programming/install_files/temp/a74ad8dfacd4f985eb3977517615ce25.arc
[2018/01/16 08:50:29] Step downloadCore +OK
[2018/01/16 08:50:29] Execute handler (onInstallStep): Array
(
    [result] => 
)

.============================ POST REQUEST ==========================.
[2018/01/16 08:50:29] Postback payload: Array
(
    [step] => extractCore
    [meta] => Array
        (
            [core] => Array
                (
                    [hash] => 9f9b34bc59c88c85574bf568ddcc9996
                    [build] => 431
                    [uhash] => e9b455a75a51da6b52356fc768553e9c
                )

        )

    [handler] => onInstallStep
)

[2018/01/16 08:50:29] Install step: extractCore
[2018/01/16 08:50:29] Extracting file (core): a74ad8dfacd4f985eb3977517615ce25.arc
[2018/01/16 08:51:21] Step extractCore +OK
[2018/01/16 08:51:21] Execute handler (onInstallStep): Array
(
    [result] => 1
)

.============================ POST REQUEST ==========================.
[2018/01/16 08:51:22] Postback payload: Array
(
    [step] => setupConfig
    [meta] => Array
        (
            [core] => Array
                (
                    [hash] => 9f9b34bc59c88c85574bf568ddcc9996
                    [build] => 431
                    [uhash] => e9b455a75a51da6b52356fc768553e9c
                )

        )

    [db_type] => mysql
    [db_host] => localhost
    [db_port] => 
    [db_name] => mm-programming
    [db_user] => marc
    [db_pass] => *******
    [admin_first_name] => Marc
    [admin_last_name] => Mayer
    [admin_email] => *******@*****.com
    [admin_login] => marc
    [admin_password] => *******
    [admin_confirm_password] => *******
    [backend_uri] => /backend
    [encryption_code] => *******
    [file_mask] => 777
    [folder_mask] => 777
    [handler] => onInstallStep
)

[2018/01/16 08:51:22] Install step: setupConfig
[2018/01/16 07:51:22] Step setupConfig +OK
[2018/01/16 07:51:22] Execute handler (onInstallStep): Array
(
    [result] => 
)

.============================ POST REQUEST ==========================.
[2018/01/16 08:51:23] Postback payload: Array
(
    [step] => createAdmin
    [meta] => Array
        (
            [core] => Array
                (
                    [hash] => 9f9b34bc59c88c85574bf568ddcc9996
                    [build] => 431
                    [uhash] => e9b455a75a51da6b52356fc768553e9c
                )

        )

    [db_type] => mysql
    [db_host] => localhost
    [db_port] => 
    [db_name] => mm-programming
    [db_user] => marc
    [db_pass] => *******
    [admin_first_name] => Marc
    [admin_last_name] => Mayer
    [admin_email] => *******@*****.com
    [admin_login] => marc
    [admin_password] => *******
    [admin_confirm_password] => *******
    [backend_uri] => /backend
    [encryption_code] => *******
    [file_mask] => 777
    [folder_mask] => 777
    [handler] => onInstallStep
)

[2018/01/16 08:51:23] Install step: createAdmin
[2018/01/16 07:51:26] Step createAdmin +OK
[2018/01/16 07:51:26] Execute handler (onInstallStep): Array
(
    [result] => 
)

.============================ POST REQUEST ==========================.
[2018/01/16 08:51:26] Postback payload: Array
(
    [disableLog] => 1
)

[2018/01/16 08:51:26] Install step: setupProject
[2018/01/16 08:51:26] Step setupProject +OK
[2018/01/16 08:51:26] Execute handler (onInstallStep): Array
(
    [result] => 
)

.============================ POST REQUEST ==========================.
[2018/01/16 08:51:26] Postback payload: Array
(
    [step] => finishInstall
    [meta] => Array
        (
            [core] => Array
                (
                    [hash] => 9f9b34bc59c88c85574bf568ddcc9996
                    [build] => 431
                    [uhash] => e9b455a75a51da6b52356fc768553e9c
                )

        )

    [hash] => 9f9b34bc59c88c85574bf568ddcc9996
    [build] => 431
    [uhash] => e9b455a75a51da6b52356fc768553e9c
    [handler] => onInstallStep
)

[2018/01/16 08:51:26] Install step: finishInstall
[2018/01/16 07:51:27] Cleaning up file: a74ad8dfacd4f985eb3977517615ce25.arc
[2018/01/16 07:51:27] Step finishInstall +OK
[2018/01/16 07:51:27] Execute handler (onInstallStep): Array
(
    [result] => 
)

